smash> smash> smash> smash> TEST
smash> smash> smash> smash> smash> smash> a.txt
Commands.cpp
Commands.h
du_test_dir
ext_file.txt
file1.txt
file.txt
inputs
Makefile
outputs
red.txt
run_tests.py
signals.cpp
signals.h
smash
smash.cpp
submitters.txt
smash> smash> smash> smash> [3] sleep 3 &
smash> smash error: fg: job-id 1 does not exist
smash> smash> student
1000
1000
/home/student
smash> smash> smash> smash error: unsetenv: BADVAR does not exist
smash> smash> smash: sending SIGKILL signal to 1 jobs:
30486: sleep 3 &
